temp patch: /var/tmp/portage/sys-devel/gcc-12.2.1_p20221008/temp/libtool-elt.patch

Trying install-sh/1.5.6 patch
checking file /var/tmp/portage/sys-devel/gcc-12.2.1_p20221008/work/gcc-12-20221008/install-sh
Hunk #1 FAILED at 240.
1 out of 1 hunk FAILED

Trying install-sh/1.5.4 patch
checking file /var/tmp/portage/sys-devel/gcc-12.2.1_p20221008/work/gcc-12-20221008/install-sh
Hunk #1 FAILED at 246.
1 out of 1 hunk FAILED

Trying install-sh/1.5 patch
checking file /var/tmp/portage/sys-devel/gcc-12.2.1_p20221008/work/gcc-12-20221008/install-sh
Hunk #1 FAILED at 192.
1 out of 1 hunk FAILED

Trying ltmain/1.5 patch
checking file /var/tmp/portage/sys-devel/gcc-12.2.1_p20221008/work/gcc-12-20221008/ltmain.sh
Hunk #1 FAILED at 1854.
1 out of 1 hunk FAILED

Trying portage/2.2 patch
checking file /var/tmp/portage/sys-devel/gcc-12.2.1_p20221008/work/gcc-12-20221008/ltmain.sh
Hunk #1 succeeded at 8271 with fuzz 1 (offset 861 lines).
Hunk #2 succeeded at 8399 with fuzz 2 (offset 879 lines).
patching file /var/tmp/portage/sys-devel/gcc-12.2.1_p20221008/work/gcc-12-20221008/ltmain.sh
Hunk #1 succeeded at 8271 with fuzz 1 (offset 861 lines).
Hunk #2 succeeded at 8399 with fuzz 2 (offset 879 lines).

Trying relink/1.4.3 patch
checking file /var/tmp/portage/sys-devel/gcc-12.2.1_p20221008/work/gcc-12-20221008/ltmain.sh
Hunk #1 FAILED at 745.
Hunk #2 succeeded at 4541 (offset 3666 lines).
Hunk #3 succeeded at 4678 (offset 3697 lines).
Hunk #4 succeeded at 5994 with fuzz 1 (offset 4133 lines).
Hunk #5 FAILED at 1880.
Hunk #6 FAILED at 3842.
Hunk #7 FAILED at 4143.
4 out of 7 hunks FAILED

Trying relink/1.4.2 patch
checking file /var/tmp/portage/sys-devel/gcc-12.2.1_p20221008/work/gcc-12-20221008/ltmain.sh
Hunk #1 FAILED at 754.
Hunk #2 succeeded at 4541 (offset 3657 lines).
Hunk #3 succeeded at 4678 (offset 3688 lines).
Hunk #4 succeeded at 5987 (offset 4111 lines).
Hunk #5 succeeded at 6024 (offset 4127 lines).
Hunk #6 FAILED at 3879.
Hunk #7 FAILED at 4180.
3 out of 7 hunks FAILED

Trying relink/1.4.1 patch
checking file /var/tmp/portage/sys-devel/gcc-12.2.1_p20221008/work/gcc-12-20221008/ltmain.sh
Hunk #1 FAILED at 827.
Hunk #2 succeeded at 4541 (offset 3582 lines).
Hunk #3 succeeded at 4678 (offset 3506 lines).
Hunk #4 succeeded at 5994 with fuzz 1 (offset 3753 lines).
Hunk #5 FAILED at 2260.
Hunk #6 FAILED at 4340.
Hunk #7 FAILED at 4641.
Hunk #8 FAILED at 4801.
5 out of 8 hunks FAILED

Trying relink/1.4.0a-GCC3.0-2 patch
checking file /var/tmp/portage/sys-devel/gcc-12.2.1_p20221008/work/gcc-12-20221008/ltmain.sh
Hunk #1 FAILED at 754.
Hunk #2 succeeded at 4541 (offset 3657 lines).
Hunk #3 succeeded at 4678 (offset 3688 lines).
Hunk #4 succeeded at 5987 (offset 4111 lines).
Hunk #5 FAILED at 1897.
Hunk #6 FAILED at 3867.
Hunk #7 FAILED at 4168.
4 out of 7 hunks FAILED

Trying relink/1.4.0a-GCC3.0-1 patch
checking file /var/tmp/portage/sys-devel/gcc-12.2.1_p20221008/work/gcc-12-20221008/ltmain.sh
Hunk #1 FAILED at 754.
Hunk #2 succeeded at 4541 (offset 3657 lines).
Hunk #3 succeeded at 4678 (offset 3688 lines).
Hunk #4 succeeded at 5987 (offset 4111 lines).
Hunk #5 succeeded at 6024 (offset 4127 lines).
Hunk #6 FAILED at 3879.
Hunk #7 FAILED at 4180.
3 out of 7 hunks FAILED

Trying relink/1.4.0a patch
checking file /var/tmp/portage/sys-devel/gcc-12.2.1_p20221008/work/gcc-12-20221008/ltmain.sh
Hunk #1 FAILED at 754.
Hunk #2 succeeded at 4541 (offset 3657 lines).
Hunk #3 succeeded at 4678 (offset 3688 lines).
Hunk #4 succeeded at 5987 (offset 4111 lines).
Hunk #5 succeeded at 6024 (offset 4127 lines).
Hunk #6 FAILED at 3879.
Hunk #7 FAILED at 4180.
3 out of 7 hunks FAILED

Trying max_cmd_len/1.5.20 patch
checking file /var/tmp/portage/sys-devel/gcc-12.2.1_p20221008/work/gcc-12-20221008/ltmain.sh
Hunk #1 FAILED at 136.
1 out of 1 hunk FAILED

Trying max_cmd_len/1.5.14 patch
checking file /var/tmp/portage/sys-devel/gcc-12.2.1_p20221008/work/gcc-12-20221008/ltmain.sh
Hunk #1 FAILED at 136.
1 out of 1 hunk FAILED

Trying max_cmd_len/1.5.0 patch
checking file /var/tmp/portage/sys-devel/gcc-12.2.1_p20221008/work/gcc-12-20221008/ltmain.sh
Hunk #1 FAILED at 117.
1 out of 1 hunk FAILED

Trying sed/1.5.6 patch
checking file /var/tmp/portage/sys-devel/gcc-12.2.1_p20221008/work/gcc-12-20221008/ltmain.sh
Hunk #1 succeeded at 1842 with fuzz 2 (offset 1803 lines).
patching file /var/tmp/portage/sys-devel/gcc-12.2.1_p20221008/work/gcc-12-20221008/ltmain.sh
Hunk #1 succeeded at 1842 with fuzz 2 (offset 1803 lines).

Trying test/1.4.2 patch
checking file /var/tmp/portage/sys-devel/gcc-12.2.1_p20221008/work/gcc-12-20221008/ltmain.sh
Reversed (or previously applied) patch detected!  Assume -R? [n] 
Apply anyway? [n] 
Skipping patch.
58 out of 58 hunks ignored

Trying test/1.4.0 patch
checking file /var/tmp/portage/sys-devel/gcc-12.2.1_p20221008/work/gcc-12-20221008/ltmain.sh
Reversed (or previously applied) patch detected!  Assume -R? [n] 
Apply anyway? [n] 
Skipping patch.
28 out of 28 hunks ignored

Trying tmp/1.3.5 patch
checking file /var/tmp/portage/sys-devel/gcc-12.2.1_p20221008/work/gcc-12-20221008/ltmain.sh
Hunk #1 FAILED at 3462.
1 out of 1 hunk FAILED

Trying as-needed/2.4.3 patch
checking file /var/tmp/portage/sys-devel/gcc-12.2.1_p20221008/work/gcc-12-20221008/ltmain.sh
Hunk #1 succeeded at 4935 with fuzz 1 (offset -2290 lines).
Hunk #2 FAILED at 7614.
1 out of 2 hunks FAILED

Trying as-needed/2.4.2 patch
checking file /var/tmp/portage/sys-devel/gcc-12.2.1_p20221008/work/gcc-12-20221008/ltmain.sh
Hunk #1 succeeded at 4935 (offset -863 lines).
Hunk #2 FAILED at 6163.
1 out of 2 hunks FAILED

Trying as-needed/2.2.6 patch
checking file /var/tmp/portage/sys-devel/gcc-12.2.1_p20221008/work/gcc-12-20221008/ltmain.sh
Hunk #1 succeeded at 4935 (offset 214 lines).
Hunk #2 succeeded at 5293 (offset 213 lines).
patching file /var/tmp/portage/sys-devel/gcc-12.2.1_p20221008/work/gcc-12-20221008/ltmain.sh
Hunk #1 succeeded at 4935 (offset 214 lines).
Hunk #2 succeeded at 5293 (offset 213 lines).

Trying target-nm/2.4.2 patch
checking file /var/tmp/portage/sys-devel/gcc-12.2.1_p20221008/work/gcc-12-20221008/ltmain.sh
Hunk #1 FAILED at 3397.
1 out of 1 hunk FAILED

Trying ppc64le/2.4.4 patch
checking file /var/tmp/portage/sys-devel/gcc-12.2.1_p20221008/work/gcc-12-20221008/ltmain.sh
Hunk #1 FAILED at 1386.
1 out of 1 hunk FAILED

Trying ppc64le/2.4.2 patch
checking file /var/tmp/portage/sys-devel/gcc-12.2.1_p20221008/work/gcc-12-20221008/ltmain.sh
Hunk #1 FAILED at 1329.
Hunk #2 FAILED at 1345.
2 out of 2 hunks FAILED

Trying specs/2.4.6 patch
checking file /var/tmp/portage/sys-devel/gcc-12.2.1_p20221008/work/gcc-12-20221008/ltmain.sh
Hunk #1 FAILED at 7272.
1 out of 1 hunk FAILED

Trying fsanitize/2.4.6 patch
checking file /var/tmp/portage/sys-devel/gcc-12.2.1_p20221008/work/gcc-12-20221008/ltmain.sh
Hunk #1 FAILED at 5382.
1 out of 1 hunk FAILED

Trying fuse-ld/2.4.6 patch
checking file /var/tmp/portage/sys-devel/gcc-12.2.1_p20221008/work/gcc-12-20221008/ltmain.sh
Hunk #1 FAILED at 5383.
1 out of 1 hunk FAILED

Trying static-flags/2.4.6 patch
checking file /var/tmp/portage/sys-devel/gcc-12.2.1_p20221008/work/gcc-12-20221008/ltmain.sh
Hunk #1 FAILED at 5380.
1 out of 1 hunk FAILED

Trying target-nm/2.4.2 patch
checking file /var/tmp/portage/sys-devel/gcc-12.2.1_p20221008/work/gcc-12-20221008/configure
Hunk #1 FAILED at 3397.
1 out of 1 hunk FAILED

Trying ppc64le/2.4.4 patch
checking file /var/tmp/portage/sys-devel/gcc-12.2.1_p20221008/work/gcc-12-20221008/configure
Hunk #1 FAILED at 1386.
1 out of 1 hunk FAILED

Trying ppc64le/2.4.2 patch
checking file /var/tmp/portage/sys-devel/gcc-12.2.1_p20221008/work/gcc-12-20221008/configure
Hunk #1 FAILED at 1329.
Hunk #2 FAILED at 1345.
2 out of 2 hunks FAILED
